<?xml version="1.0" encoding="UTF-8"?>
<!-- Generated by org.testng.reporters.JUnitReportReporter -->
<testsuite hostname="DESKTOP-S5MMF0I" failures="0" tests="4" name="DATAProvider.DATAPROVIDER" time="79.111" errors="0" timestamp="2023-01-06T19:46:53 IST" skipped="0">
  <testcase classname="DATAProvider.DATAPROVIDER" name="test" time="5.373"/>
  <system-out/>
  <testcase classname="DATAProvider.DATAPROVIDER" name="test" time="9.771"/>
  <system-out/>
  <testcase classname="DATAProvider.DATAPROVIDER" name="test" time="52.183"/>
  <system-out/>
  <testcase classname="DATAProvider.DATAPROVIDER" name="test" time="11.784"/>
  <system-out/>
</testsuite> <!-- DATAProvider.DATAPROVIDER -->
