<?xml version="1.0" encoding="UTF-8"?>
<!-- Generated by org.testng.reporters.JUnitReportReporter -->
<testsuite hostname="DESKTOP-S5MMF0I" failures="0" tests="10" name="DATAProvider.usingExcel" time="144.379" errors="0" timestamp="2023-01-06T19:56:06 IST" skipped="0">
  <testcase classname="DATAProvider.usingExcel" name="loginTest" time="17.826"/>
  <system-out/>
  <testcase classname="DATAProvider.usingExcel" name="loginTest" time="15.856"/>
  <system-out/>
  <testcase classname="DATAProvider.usingExcel" name="loginTest" time="12.865"/>
  <system-out/>
  <testcase classname="DATAProvider.usingExcel" name="loginTest" time="13.291"/>
  <system-out/>
  <testcase classname="DATAProvider.usingExcel" name="loginTest" time="16.019"/>
  <system-out/>
  <testcase classname="DATAProvider.usingExcel" name="loginTest" time="14.657"/>
  <system-out/>
  <testcase classname="DATAProvider.usingExcel" name="loginTest" time="12.186"/>
  <system-out/>
  <testcase classname="DATAProvider.usingExcel" name="loginTest" time="12.393"/>
  <system-out/>
  <testcase classname="DATAProvider.usingExcel" name="loginTest" time="14.945"/>
  <system-out/>
  <testcase classname="DATAProvider.usingExcel" name="loginTest" time="14.341"/>
  <system-out/>
</testsuite> <!-- DATAProvider.usingExcel -->
